[23:23:59] [main/INFO]: Setting user: Player140
[23:24:01] [Client thread/INFO]: LWJGL Version: 2.9.1
[23:24:08] [Client thread/INFO]: Reloading ResourceManager: Default, FMLFileResourcePack:Forge Mod Loader, FMLFileResourcePack:Minecraft Forge, FMLFileResourcePack:Alchemic Reactions
[23:24:09] [Sound Library Loader/INFO]: Sound engine started
[23:24:11] [Client thread/INFO]: Created: 512x256 textures/blocks-atlas
[23:24:12] [Client thread/INFO]: Created: 256x256 textures/items-atlas
[23:24:12] [Client thread/INFO]: Reloading ResourceManager: Default, FMLFileResourcePack:Forge Mod Loader, FMLFileResourcePack:Minecraft Forge, FMLFileResourcePack:Alchemic Reactions
[23:24:12] [Client thread/INFO]: Created: 256x256 textures/items-atlas
[23:24:12] [Client thread/INFO]: Created: 512x256 textures/blocks-atlas
[23:24:13] [Sound Library Loader/INFO]: Sound engine started
[23:24:21] [Server thread/INFO]: Starting integrated minecraft server version 1.7.10
[23:24:21] [Server thread/INFO]: Generating keypair
[23:24:22] [Server thread/INFO]: Preparing start region for level 0
[23:24:23] [Server thread/INFO]: Preparing spawn area: 42%
[23:24:23] [Server thread/INFO]: Changing view distance to 12, from 10
[23:24:24] [Server thread/INFO]: Player140[local:E:4f474f9c] logged in with entity id 140 at (65.3162086405433, 69.0, -11.768787576895342)
[23:24:24] [Server thread/INFO]: Player140 joined the game
[23:24:37] [Server thread/INFO]: Saving and pausing game...
[23:24:37] [Server thread/INFO]: Saving chunks for level 'AYYYY'/Overworld
[23:24:37] [Server thread/INFO]: Saving chunks for level 'AYYYY'/Nether
[23:24:37] [Server thread/INFO]: Saving chunks for level 'AYYYY'/The End
[23:24:38] [Client thread/INFO]: Stopping!
[23:24:38] [Server thread/INFO]: Stopping server
[23:24:38] [Server thread/INFO]: Saving players
[23:24:38] [Server thread/INFO]: Saving worlds
[23:24:38] [Server thread/INFO]: Saving chunks for level 'AYYYY'/Overworld
[23:24:38] [Server thread/INFO]: Saving chunks for level 'AYYYY'/Nether
[23:24:38] [Server thread/INFO]: Saving chunks for level 'AYYYY'/The End
